[03-Jul-2025 14:25:49 Europe/Berlin] Login: Raw input - {"email":"user10@gmail.com","password":"123456"}
[03-Jul-2025 14:25:49 Europe/Berlin] Login: Attempting login for email - user10@gmail.com
[03-Jul-2025 14:25:49 Europe/Berlin] Login: No user found for email - user10@gmail.com
[03-Jul-2025 14:25:59 Europe/Berlin] Login: Raw input - {"email":"user12@gmail.com","password":"123456"}
[03-Jul-2025 14:25:59 Europe/Berlin] Login: Attempting login for email - user12@gmail.com
[03-Jul-2025 14:25:59 Europe/Berlin] Login: Successful login for user ID - 15
[03-Jul-2025 14:28:11 Europe/Berlin] Login: Raw input - {"email":"info.dimuthulk@gmail.com","password":"123456"}
[03-Jul-2025 14:28:11 Europe/Berlin] Login: Attempting login for email - info.dimuthulk@gmail.com
[03-Jul-2025 14:28:11 Europe/Berlin] Login: Successful login for user ID - 16
[03-Jul-2025 14:28:13 Europe/Berlin] Login: Raw input - {"email":"info.dimuthulk@gmail.com","password":"123456"}
[03-Jul-2025 14:28:13 Europe/Berlin] Login: Attempting login for email - info.dimuthulk@gmail.com
[03-Jul-2025 14:28:13 Europe/Berlin] Login: Successful login for user ID - 16
[03-Jul-2025 14:28:14 Europe/Berlin] Login: Raw input - {"email":"info.dimuthulk@gmail.com","password":"123456"}
[03-Jul-2025 14:28:14 Europe/Berlin] Login: Attempting login for email - info.dimuthulk@gmail.com
[03-Jul-2025 14:28:14 Europe/Berlin] Login: Successful login for user ID - 16
[03-Jul-2025 14:28:14 Europe/Berlin] Login: Raw input - {"email":"info.dimuthulk@gmail.com","password":"123456"}
[03-Jul-2025 14:28:14 Europe/Berlin] Login: Attempting login for email - info.dimuthulk@gmail.com
[03-Jul-2025 14:28:14 Europe/Berlin] Login: Successful login for user ID - 16
[03-Jul-2025 14:31:17 Europe/Berlin] Login: Raw input - {"email":"info.dimuthulk@gmail.com","password":"123456"}
[03-Jul-2025 14:31:17 Europe/Berlin] Login: Attempting login for email - info.dimuthulk@gmail.com
[03-Jul-2025 14:31:17 Europe/Berlin] Login: Successful login for user ID - 16
[03-Jul-2025 14:31:26 Europe/Berlin] Login: Raw input - {"email":"info.dimuthulk@gmail.com","password":"123456"}
[03-Jul-2025 14:31:26 Europe/Berlin] Login: Attempting login for email - info.dimuthulk@gmail.com
[03-Jul-2025 14:31:26 Europe/Berlin] Login: Successful login for user ID - 16
[03-Jul-2025 14:36:28 Europe/Berlin] Login: Raw input - {"email":"info.dimuthulk@gmail.com","password":"123456"}
[03-Jul-2025 14:36:28 Europe/Berlin] Login: Attempting login for email - info.dimuthulk@gmail.com
[03-Jul-2025 14:36:29 Europe/Berlin] Login: Successful login for user ID - 16
[03-Jul-2025 14:37:17 Europe/Berlin] Login: Raw input - {"email":"info.dimuthulk@gmail.com","password":"123456"}
[03-Jul-2025 14:37:17 Europe/Berlin] Login: Attempting login for email - info.dimuthulk@gmail.com
[03-Jul-2025 14:37:17 Europe/Berlin] Login: Successful login for user ID - 16
